08/05/21 (11:18:49) | ERROR: Data collection thread failed with exception: psutil.NoSuchProcess process no longer exists (pid=394955)
Traceback (most recent call last):
  File "/usr/lib/python3.9/site-packages/psutil/_common.py", line 447, in wrapper
    ret = self._cache[fun]
AttributeError: 'Process' object has no attribute '_cache'

During handling of the above exception, another exception occurred:

Traceback (most recent call last):
  File "/usr/lib/python3.9/site-packages/psutil/_common.py", line 447, in wrapper
    ret = self._cache[fun]
AttributeError: _cache

During handling of the above exception, another exception occurred:

Traceback (most recent call last):
  File "/usr/lib/python3.9/site-packages/psutil/_pslinux.py", line 1576, in wrapper
    return fun(self, *args, **kwargs)
  File "/usr/lib/python3.9/site-packages/psutil/_common.py", line 450, in wrapper
    return fun(self)
  File "/usr/lib/python3.9/site-packages/psutil/_pslinux.py", line 1618, in _parse_stat_file
    with open_binary("%s/%s/stat" % (self._procfs_path, self.pid)) as f:
  File "/usr/lib/python3.9/site-packages/psutil/_common.py", line 711, in open_binary
    return open(fname, "rb", **kwargs)
FileNotFoundError: [Errno 2] No such file or directory: '/proc/394955/stat'

During handling of the above exception, another exception occurred:

Traceback (most recent call last):
  File "/sbin/bpytop", line 2930, in _runner
    collector._collect()
  File "/sbin/bpytop", line 3767, in _collect
    if det.parent() != None: cls.details["parent_name"] = det.parent().name()
  File "/usr/lib/python3.9/site-packages/psutil/__init__.py", line 546, in parent
    ppid = self.ppid()
  File "/usr/lib/python3.9/site-packages/psutil/_common.py", line 450, in wrapper
    return fun(self)
  File "/usr/lib/python3.9/site-packages/psutil/__init__.py", line 605, in ppid
    return self._proc.ppid()
  File "/usr/lib/python3.9/site-packages/psutil/_pslinux.py", line 1576, in wrapper
    return fun(self, *args, **kwargs)
  File "/usr/lib/python3.9/site-packages/psutil/_pslinux.py", line 2142, in ppid
    return int(self._parse_stat_file()['ppid'])
  File "/usr/lib/python3.9/site-packages/psutil/_pslinux.py", line 1583, in wrapper
    raise NoSuchProcess(self.pid, self._name)
psutil.NoSuchProcess: psutil.NoSuchProcess process no longer exists (pid=394955)
08/05/21 (11:18:50) | WARNING: Exiting with errorcode (1). Runtime 0:00:23 

30/07/21 (21:01:40) | ERROR: [Errno 2] No such file or directory: '/home/david/.config/bpytop/themes'
Traceback (most recent call last):
  File "/usr/bin/bpytop", line 1337, in refresh
    for f in os.listdir(d):
FileNotFoundError: [Errno 2] No such file or directory: '/home/david/.config/bpytop/themes'
30/07/21 (21:07:22) | ERROR: [Errno 2] No such file or directory: '/home/david/.config/bpytop/themes'
Traceback (most recent call last):
  File "/usr/bin/bpytop", line 1337, in refresh
    for f in os.listdir(d):
FileNotFoundError: [Errno 2] No such file or directory: '/home/david/.config/bpytop/themes'
30/07/21 (21:25:28) | ERROR: [Errno 2] No such file or directory: '/home/david/.config/bpytop/themes'
Traceback (most recent call last):
  File "/usr/bin/bpytop", line 1337, in refresh
    for f in os.listdir(d):
FileNotFoundError: [Errno 2] No such file or directory: '/home/david/.config/bpytop/themes'
31/07/21 (12:20:03) | ERROR: [Errno 2] No such file or directory: '/home/david/.config/bpytop/themes'
Traceback (most recent call last):
  File "/sbin/bpytop", line 1337, in refresh
    for f in os.listdir(d):
FileNotFoundError: [Errno 2] No such file or directory: '/home/david/.config/bpytop/themes'
01/08/21 (16:30:55) | ERROR: [Errno 2] No such file or directory: '/home/david/.config/bpytop/themes'
Traceback (most recent call last):
  File "/sbin/bpytop", line 1337, in refresh
    for f in os.listdir(d):
FileNotFoundError: [Errno 2] No such file or directory: '/home/david/.config/bpytop/themes'
01/08/21 (16:56:22) | ERROR: [Errno 2] No such file or directory: '/home/david/.config/bpytop/themes'
Traceback (most recent call last):
  File "/sbin/bpytop", line 1337, in refresh
    for f in os.listdir(d):
FileNotFoundError: [Errno 2] No such file or directory: '/home/david/.config/bpytop/themes'
02/08/21 (22:52:36) | ERROR: [Errno 2] No such file or directory: '/home/david/.config/bpytop/themes'
Traceback (most recent call last):
  File "/sbin/bpytop", line 1337, in refresh
    for f in os.listdir(d):
FileNotFoundError: [Errno 2] No such file or directory: '/home/david/.config/bpytop/themes'
04/08/21 (09:28:51) | ERROR: [Errno 2] No such file or directory: '/home/david/.config/bpytop/themes'
Traceback (most recent call last):
  File "/sbin/bpytop", line 1337, in refresh
    for f in os.listdir(d):
FileNotFoundError: [Errno 2] No such file or directory: '/home/david/.config/bpytop/themes'
07/08/21 (17:12:29) | ERROR: [Errno 2] No such file or directory: '/home/david/.config/bpytop/themes'
Traceback (most recent call last):
  File "/sbin/bpytop", line 1337, in refresh
    for f in os.listdir(d):
FileNotFoundError: [Errno 2] No such file or directory: '/home/david/.config/bpytop/themes'
07/08/21 (19:10:54) | ERROR: [Errno 2] No such file or directory: '/home/david/.config/bpytop/themes'
Traceback (most recent call last):
  File "/sbin/bpytop", line 1337, in refresh
    for f in os.listdir(d):
FileNotFoundError: [Errno 2] No such file or directory: '/home/david/.config/bpytop/themes'
07/08/21 (19:58:27) | ERROR: [Errno 2] No such file or directory: '/home/david/.config/bpytop/themes'
Traceback (most recent call last):
  File "/sbin/bpytop", line 1337, in refresh
    for f in os.listdir(d):
FileNotFoundError: [Errno 2] No such file or directory: '/home/david/.config/bpytop/themes'
07/08/21 (21:53:59) | ERROR: [Errno 2] No such file or directory: '/home/david/.config/bpytop/themes'
Traceback (most recent call last):
  File "/sbin/bpytop", line 1337, in refresh
    for f in os.listdir(d):
FileNotFoundError: [Errno 2] No such file or directory: '/home/david/.config/bpytop/themes'
07/08/21 (21:57:46) | ERROR: [Errno 2] No such file or directory: '/home/david/.config/bpytop/themes'
Traceback (most recent call last):
  File "/sbin/bpytop", line 1337, in refresh
    for f in os.listdir(d):
FileNotFoundError: [Errno 2] No such file or directory: '/home/david/.config/bpytop/themes'
08/08/21 (21:51:22) | ERROR: [Errno 2] No such file or directory: '/home/david/.config/bpytop/themes'
Traceback (most recent call last):
  File "/sbin/bpytop", line 1337, in refresh
    for f in os.listdir(d):
FileNotFoundError: [Errno 2] No such file or directory: '/home/david/.config/bpytop/themes'
08/08/21 (21:51:28) | ERROR: [Errno 2] No such file or directory: '/home/david/.config/bpytop/themes'
Traceback (most recent call last):
  File "/sbin/bpytop", line 1337, in refresh
    for f in os.listdir(d):
FileNotFoundError: [Errno 2] No such file or directory: '/home/david/.config/bpytop/themes'
09/08/21 (13:01:31) | ERROR: [Errno 2] No such file or directory: '/home/david/.config/bpytop/themes'
Traceback (most recent call last):
  File "/sbin/bpytop", line 1337, in refresh
    for f in os.listdir(d):
FileNotFoundError: [Errno 2] No such file or directory: '/home/david/.config/bpytop/themes'
09/08/21 (13:03:39) | ERROR: [Errno 2] No such file or directory: '/home/david/.config/bpytop/themes'
Traceback (most recent call last):
  File "/sbin/bpytop", line 1337, in refresh
    for f in os.listdir(d):
FileNotFoundError: [Errno 2] No such file or directory: '/home/david/.config/bpytop/themes'
09/08/21 (13:05:08) | ERROR: [Errno 2] No such file or directory: '/home/david/.config/bpytop/themes'
Traceback (most recent call last):
  File "/sbin/bpytop", line 1337, in refresh
    for f in os.listdir(d):
FileNotFoundError: [Errno 2] No such file or directory: '/home/david/.config/bpytop/themes'
09/08/21 (13:05:34) | ERROR: [Errno 2] No such file or directory: '/home/david/.config/bpytop/themes'
Traceback (most recent call last):
  File "/sbin/bpytop", line 1337, in refresh
    for f in os.listdir(d):
FileNotFoundError: [Errno 2] No such file or directory: '/home/david/.config/bpytop/themes'
10/08/21 (21:15:36) | ERROR: [Errno 2] No such file or directory: '/home/david/.config/bpytop/themes'
Traceback (most recent call last):
  File "/sbin/bpytop", line 1337, in refresh
    for f in os.listdir(d):
FileNotFoundError: [Errno 2] No such file or directory: '/home/david/.config/bpytop/themes'
12/08/21 (17:02:55) | ERROR: [Errno 2] No such file or directory: '/home/david/.config/bpytop/themes'
Traceback (most recent call last):
  File "/sbin/bpytop", line 1337, in refresh
    for f in os.listdir(d):
FileNotFoundError: [Errno 2] No such file or directory: '/home/david/.config/bpytop/themes'
12/08/21 (17:07:27) | ERROR: [Errno 2] No such file or directory: '/home/david/.config/bpytop/themes'
Traceback (most recent call last):
  File "/sbin/bpytop", line 1337, in refresh
    for f in os.listdir(d):
FileNotFoundError: [Errno 2] No such file or directory: '/home/david/.config/bpytop/themes'
12/08/21 (17:10:40) | ERROR: [Errno 2] No such file or directory: '/home/david/.config/bpytop/themes'
Traceback (most recent call last):
  File "/sbin/bpytop", line 1337, in refresh
    for f in os.listdir(d):
FileNotFoundError: [Errno 2] No such file or directory: '/home/david/.config/bpytop/themes'
14/08/21 (04:35:07) | ERROR: [Errno 2] No such file or directory: '/home/david/.config/bpytop/themes'
Traceback (most recent call last):
  File "/sbin/bpytop", line 1337, in refresh
    for f in os.listdir(d):
FileNotFoundError: [Errno 2] No such file or directory: '/home/david/.config/bpytop/themes'
17/08/21 (10:29:36) | ERROR: [Errno 2] No such file or directory: '/home/david/.config/bpytop/themes'
Traceback (most recent call last):
  File "/sbin/bpytop", line 1337, in refresh
    for f in os.listdir(d):
FileNotFoundError: [Errno 2] No such file or directory: '/home/david/.config/bpytop/themes'
17/08/21 (10:29:53) | ERROR: [Errno 2] No such file or directory: '/home/david/.config/bpytop/themes'
Traceback (most recent call last):
  File "/sbin/bpytop", line 1337, in refresh
    for f in os.listdir(d):
FileNotFoundError: [Errno 2] No such file or directory: '/home/david/.config/bpytop/themes'
17/08/21 (10:31:10) | ERROR: [Errno 2] No such file or directory: '/home/david/.config/bpytop/themes'
Traceback (most recent call last):
  File "/sbin/bpytop", line 1337, in refresh
    for f in os.listdir(d):
FileNotFoundError: [Errno 2] No such file or directory: '/home/david/.config/bpytop/themes'
17/08/21 (10:35:24) | ERROR: [Errno 2] No such file or directory: '/home/david/.config/bpytop/themes'
Traceback (most recent call last):
  File "/sbin/bpytop", line 1337, in refresh
    for f in os.listdir(d):
FileNotFoundError: [Errno 2] No such file or directory: '/home/david/.config/bpytop/themes'
17/08/21 (10:35:34) | ERROR: [Errno 2] No such file or directory: '/home/david/.config/bpytop/themes'
Traceback (most recent call last):
  File "/sbin/bpytop", line 1337, in refresh
    for f in os.listdir(d):
FileNotFoundError: [Errno 2] No such file or directory: '/home/david/.config/bpytop/themes'
17/08/21 (10:35:39) | ERROR: [Errno 2] No such file or directory: '/home/david/.config/bpytop/themes'
Traceback (most recent call last):
  File "/sbin/bpytop", line 1337, in refresh
    for f in os.listdir(d):
FileNotFoundError: [Errno 2] No such file or directory: '/home/david/.config/bpytop/themes'
17/08/21 (10:35:43) | ERROR: [Errno 2] No such file or directory: '/home/david/.config/bpytop/themes'
Traceback (most recent call last):
  File "/sbin/bpytop", line 1337, in refresh
    for f in os.listdir(d):
FileNotFoundError: [Errno 2] No such file or directory: '/home/david/.config/bpytop/themes'
17/08/21 (10:35:51) | ERROR: [Errno 2] No such file or directory: '/home/david/.config/bpytop/themes'
Traceback (most recent call last):
  File "/sbin/bpytop", line 1337, in refresh
    for f in os.listdir(d):
FileNotFoundError: [Errno 2] No such file or directory: '/home/david/.config/bpytop/themes'
17/08/21 (10:36:13) | ERROR: [Errno 2] No such file or directory: '/home/david/.config/bpytop/themes'
Traceback (most recent call last):
  File "/sbin/bpytop", line 1337, in refresh
    for f in os.listdir(d):
FileNotFoundError: [Errno 2] No such file or directory: '/home/david/.config/bpytop/themes'
17/08/21 (10:37:02) | ERROR: [Errno 2] No such file or directory: '/home/david/.config/bpytop/themes'
Traceback (most recent call last):
  File "/sbin/bpytop", line 1337, in refresh
    for f in os.listdir(d):
FileNotFoundError: [Errno 2] No such file or directory: '/home/david/.config/bpytop/themes'
18/08/21 (20:24:22) | ERROR: [Errno 2] No such file or directory: '/home/david/.config/bpytop/themes'
Traceback (most recent call last):
  File "/sbin/bpytop", line 1337, in refresh
    for f in os.listdir(d):
FileNotFoundError: [Errno 2] No such file or directory: '/home/david/.config/bpytop/themes'
18/08/21 (20:25:15) | ERROR: [Errno 2] No such file or directory: '/home/david/.config/bpytop/themes'
Traceback (most recent call last):
  File "/sbin/bpytop", line 1337, in refresh
    for f in os.listdir(d):
FileNotFoundError: [Errno 2] No such file or directory: '/home/david/.config/bpytop/themes'
18/08/21 (20:26:01) | ERROR: [Errno 2] No such file or directory: '/home/david/.config/bpytop/themes'
Traceback (most recent call last):
  File "/sbin/bpytop", line 1337, in refresh
    for f in os.listdir(d):
FileNotFoundError: [Errno 2] No such file or directory: '/home/david/.config/bpytop/themes'
19/08/21 (23:55:00) | ERROR: [Errno 2] No such file or directory: '/home/david/.config/bpytop/themes'
Traceback (most recent call last):
  File "/sbin/bpytop", line 1337, in refresh
    for f in os.listdir(d):
FileNotFoundError: [Errno 2] No such file or directory: '/home/david/.config/bpytop/themes'
20/08/21 (00:02:00) | ERROR: [Errno 2] No such file or directory: '/home/david/.config/bpytop/themes'
Traceback (most recent call last):
  File "/sbin/bpytop", line 1337, in refresh
    for f in os.listdir(d):
FileNotFoundError: [Errno 2] No such file or directory: '/home/david/.config/bpytop/themes'
20/08/21 (00:11:19) | ERROR: [Errno 2] No such file or directory: '/home/david/.config/bpytop/themes'
Traceback (most recent call last):
  File "/sbin/bpytop", line 1337, in refresh
    for f in os.listdir(d):
FileNotFoundError: [Errno 2] No such file or directory: '/home/david/.config/bpytop/themes'
20/08/21 (00:16:41) | ERROR: [Errno 2] No such file or directory: '/home/david/.config/bpytop/themes'
Traceback (most recent call last):
  File "/sbin/bpytop", line 1337, in refresh
    for f in os.listdir(d):
FileNotFoundError: [Errno 2] No such file or directory: '/home/david/.config/bpytop/themes'
20/08/21 (00:17:33) | ERROR: [Errno 2] No such file or directory: '/home/david/.config/bpytop/themes'
Traceback (most recent call last):
  File "/sbin/bpytop", line 1337, in refresh
    for f in os.listdir(d):
FileNotFoundError: [Errno 2] No such file or directory: '/home/david/.config/bpytop/themes'
20/08/21 (00:18:45) | ERROR: [Errno 2] No such file or directory: '/home/david/.config/bpytop/themes'
Traceback (most recent call last):
  File "/sbin/bpytop", line 1337, in refresh
    for f in os.listdir(d):
FileNotFoundError: [Errno 2] No such file or directory: '/home/david/.config/bpytop/themes'
20/08/21 (00:18:55) | ERROR: [Errno 2] No such file or directory: '/home/david/.config/bpytop/themes'
Traceback (most recent call last):
  File "/sbin/bpytop", line 1337, in refresh
    for f in os.listdir(d):
FileNotFoundError: [Errno 2] No such file or directory: '/home/david/.config/bpytop/themes'
20/08/21 (11:51:03) | ERROR: [Errno 2] No such file or directory: '/home/david/.config/bpytop/themes'
Traceback (most recent call last):
  File "/sbin/bpytop", line 1337, in refresh
    for f in os.listdir(d):
FileNotFoundError: [Errno 2] No such file or directory: '/home/david/.config/bpytop/themes'
20/08/21 (11:53:38) | ERROR: [Errno 2] No such file or directory: '/home/david/.config/bpytop/themes'
Traceback (most recent call last):
  File "/sbin/bpytop", line 1337, in refresh
    for f in os.listdir(d):
FileNotFoundError: [Errno 2] No such file or directory: '/home/david/.config/bpytop/themes'
20/08/21 (11:53:58) | ERROR: [Errno 2] No such file or directory: '/home/david/.config/bpytop/themes'
Traceback (most recent call last):
  File "/sbin/bpytop", line 1337, in refresh
    for f in os.listdir(d):
FileNotFoundError: [Errno 2] No such file or directory: '/home/david/.config/bpytop/themes'
20/08/21 (11:57:58) | ERROR: [Errno 2] No such file or directory: '/home/david/.config/bpytop/themes'
Traceback (most recent call last):
  File "/sbin/bpytop", line 1337, in refresh
    for f in os.listdir(d):
FileNotFoundError: [Errno 2] No such file or directory: '/home/david/.config/bpytop/themes'
20/08/21 (12:02:26) | ERROR: [Errno 2] No such file or directory: '/home/david/.config/bpytop/themes'
Traceback (most recent call last):
  File "/sbin/bpytop", line 1337, in refresh
    for f in os.listdir(d):
FileNotFoundError: [Errno 2] No such file or directory: '/home/david/.config/bpytop/themes'
20/08/21 (21:26:23) | ERROR: [Errno 2] No such file or directory: '/home/david/.config/bpytop/themes'
Traceback (most recent call last):
  File "/sbin/bpytop", line 1337, in refresh
    for f in os.listdir(d):
FileNotFoundError: [Errno 2] No such file or directory: '/home/david/.config/bpytop/themes'
20/08/21 (22:08:58) | ERROR: [Errno 2] No such file or directory: '/home/david/.config/bpytop/themes'
Traceback (most recent call last):
  File "/sbin/bpytop", line 1337, in refresh
    for f in os.listdir(d):
FileNotFoundError: [Errno 2] No such file or directory: '/home/david/.config/bpytop/themes'
21/08/21 (01:07:32) | ERROR: [Errno 2] No such file or directory: '/home/david/.config/bpytop/themes'
Traceback (most recent call last):
  File "/sbin/bpytop", line 1337, in refresh
    for f in os.listdir(d):
FileNotFoundError: [Errno 2] No such file or directory: '/home/david/.config/bpytop/themes'
21/08/21 (01:08:48) | ERROR: [Errno 2] No such file or directory: '/home/david/.config/bpytop/themes'
Traceback (most recent call last):
  File "/sbin/bpytop", line 1337, in refresh
    for f in os.listdir(d):
FileNotFoundError: [Errno 2] No such file or directory: '/home/david/.config/bpytop/themes'
21/08/21 (10:34:10) | ERROR: [Errno 2] No such file or directory: '/home/david/.config/bpytop/themes'
Traceback (most recent call last):
  File "/sbin/bpytop", line 1337, in refresh
    for f in os.listdir(d):
FileNotFoundError: [Errno 2] No such file or directory: '/home/david/.config/bpytop/themes'
21/08/21 (10:34:44) | ERROR: [Errno 2] No such file or directory: '/home/david/.config/bpytop/themes'
Traceback (most recent call last):
  File "/sbin/bpytop", line 1337, in refresh
    for f in os.listdir(d):
FileNotFoundError: [Errno 2] No such file or directory: '/home/david/.config/bpytop/themes'
21/08/21 (10:34:58) | ERROR: [Errno 2] No such file or directory: '/home/david/.config/bpytop/themes'
Traceback (most recent call last):
  File "/sbin/bpytop", line 1337, in refresh
    for f in os.listdir(d):
FileNotFoundError: [Errno 2] No such file or directory: '/home/david/.config/bpytop/themes'
21/08/21 (10:35:24) | WARNING: Config key "update_ms" can't be lower than 100!
21/08/21 (10:35:24) | ERROR: [Errno 2] No such file or directory: '/home/david/.config/bpytop/themes'
Traceback (most recent call last):
  File "/sbin/bpytop", line 1337, in refresh
    for f in os.listdir(d):
FileNotFoundError: [Errno 2] No such file or directory: '/home/david/.config/bpytop/themes'
21/08/21 (12:37:02) | WARNING: Config key "update_ms" can't be lower than 100!
21/08/21 (12:37:02) | ERROR: [Errno 2] No such file or directory: '/home/david/.config/bpytop/themes'
Traceback (most recent call last):
  File "/sbin/bpytop", line 1337, in refresh
    for f in os.listdir(d):
FileNotFoundError: [Errno 2] No such file or directory: '/home/david/.config/bpytop/themes'
21/08/21 (12:37:12) | WARNING: Config key "update_ms" can't be lower than 100!
21/08/21 (12:37:12) | ERROR: [Errno 2] No such file or directory: '/home/david/.config/bpytop/themes'
Traceback (most recent call last):
  File "/sbin/bpytop", line 1337, in refresh
    for f in os.listdir(d):
FileNotFoundError: [Errno 2] No such file or directory: '/home/david/.config/bpytop/themes'
21/08/21 (12:39:51) | WARNING: Config key "update_ms" can't be lower than 100!
21/08/21 (12:39:51) | ERROR: [Errno 2] No such file or directory: '/home/david/.config/bpytop/themes'
Traceback (most recent call last):
  File "/sbin/bpytop", line 1337, in refresh
    for f in os.listdir(d):
FileNotFoundError: [Errno 2] No such file or directory: '/home/david/.config/bpytop/themes'
21/08/21 (12:40:36) | WARNING: Config key "update_ms" can't be lower than 100!
21/08/21 (12:40:36) | ERROR: [Errno 2] No such file or directory: '/home/david/.config/bpytop/themes'
Traceback (most recent call last):
  File "/sbin/bpytop", line 1337, in refresh
    for f in os.listdir(d):
FileNotFoundError: [Errno 2] No such file or directory: '/home/david/.config/bpytop/themes'
21/08/21 (17:23:16) | WARNING: Config key "update_ms" can't be lower than 100!
21/08/21 (17:23:16) | ERROR: [Errno 2] No such file or directory: '/home/david/.config/bpytop/themes'
Traceback (most recent call last):
  File "/sbin/bpytop", line 1337, in refresh
    for f in os.listdir(d):
FileNotFoundError: [Errno 2] No such file or directory: '/home/david/.config/bpytop/themes'
21/08/21 (18:39:43) | WARNING: Config key "update_ms" can't be lower than 100!
21/08/21 (18:39:43) | ERROR: [Errno 2] No such file or directory: '/home/david/.config/bpytop/themes'
Traceback (most recent call last):
  File "/sbin/bpytop", line 1337, in refresh
    for f in os.listdir(d):
FileNotFoundError: [Errno 2] No such file or directory: '/home/david/.config/bpytop/themes'
21/08/21 (22:01:56) | WARNING: Config key "update_ms" can't be lower than 100!
21/08/21 (22:01:56) | ERROR: [Errno 2] No such file or directory: '/home/david/.config/bpytop/themes'
Traceback (most recent call last):
  File "/sbin/bpytop", line 1337, in refresh
    for f in os.listdir(d):
FileNotFoundError: [Errno 2] No such file or directory: '/home/david/.config/bpytop/themes'
22/08/21 (00:40:25) | WARNING: Config key "update_ms" can't be lower than 100!
22/08/21 (00:40:25) | ERROR: [Errno 2] No such file or directory: '/home/david/.config/bpytop/themes'
Traceback (most recent call last):
  File "/sbin/bpytop", line 1337, in refresh
    for f in os.listdir(d):
FileNotFoundError: [Errno 2] No such file or directory: '/home/david/.config/bpytop/themes'
22/08/21 (12:12:22) | WARNING: Config key "update_ms" can't be lower than 100!
22/08/21 (12:12:22) | ERROR: [Errno 2] No such file or directory: '/home/david/.config/bpytop/themes'
Traceback (most recent call last):
  File "/sbin/bpytop", line 1337, in refresh
    for f in os.listdir(d):
FileNotFoundError: [Errno 2] No such file or directory: '/home/david/.config/bpytop/themes'
22/08/21 (12:14:29) | WARNING: Config key "update_ms" can't be lower than 100!
22/08/21 (12:14:29) | ERROR: [Errno 2] No such file or directory: '/home/david/.config/bpytop/themes'
Traceback (most recent call last):
  File "/sbin/bpytop", line 1337, in refresh
    for f in os.listdir(d):
FileNotFoundError: [Errno 2] No such file or directory: '/home/david/.config/bpytop/themes'
22/08/21 (12:15:42) | ERROR: [Errno 2] No such file or directory: '/home/david/.config/bpytop/themes'
Traceback (most recent call last):
  File "/sbin/bpytop", line 1337, in refresh
    for f in os.listdir(d):
FileNotFoundError: [Errno 2] No such file or directory: '/home/david/.config/bpytop/themes'
22/08/21 (12:15:46) | ERROR: [Errno 2] No such file or directory: '/home/david/.config/bpytop/themes'
Traceback (most recent call last):
  File "/sbin/bpytop", line 1337, in refresh
    for f in os.listdir(d):
FileNotFoundError: [Errno 2] No such file or directory: '/home/david/.config/bpytop/themes'
22/08/21 (12:15:51) | ERROR: [Errno 2] No such file or directory: '/home/david/.config/bpytop/themes'
Traceback (most recent call last):
  File "/sbin/bpytop", line 1337, in refresh
    for f in os.listdir(d):
FileNotFoundError: [Errno 2] No such file or directory: '/home/david/.config/bpytop/themes'
22/08/21 (12:38:38) | ERROR: [Errno 2] No such file or directory: '/home/david/.config/bpytop/themes'
Traceback (most recent call last):
  File "/sbin/bpytop", line 1337, in refresh
    for f in os.listdir(d):
FileNotFoundError: [Errno 2] No such file or directory: '/home/david/.config/bpytop/themes'
22/08/21 (15:00:19) | ERROR: [Errno 2] No such file or directory: '/home/david/.config/bpytop/themes'
Traceback (most recent call last):
  File "/sbin/bpytop", line 1337, in refresh
    for f in os.listdir(d):
FileNotFoundError: [Errno 2] No such file or directory: '/home/david/.config/bpytop/themes'
22/08/21 (20:23:25) | ERROR: [Errno 2] No such file or directory: '/home/david/.config/bpytop/themes'
Traceback (most recent call last):
  File "/sbin/bpytop", line 1337, in refresh
    for f in os.listdir(d):
FileNotFoundError: [Errno 2] No such file or directory: '/home/david/.config/bpytop/themes'
